<?xml version="1.0" encoding="UTF-8"?>
<!-- Generated by org.testng.reporters.JUnitReportReporter -->
<testsuite skipped="0" hostname="PC-80" name="test.ThirdClass" tests="3" failures="0" timestamp="08 Mar 2022 14:57:30 GMT" time="0.005" errors="0">
  <testcase name="Homeloan" time="0.001" classname="test.ThirdClass"/>
  <testcase name="Carloan" time="0.003" classname="test.ThirdClass"/>
  <testcase name="Eduloan" time="0.001" classname="test.ThirdClass"/>
</testsuite> <!-- test.ThirdClass -->
