<?xml version="1.0" encoding="UTF-8"?>
<!-- Generated by org.testng.reporters.JUnitReportReporter -->
<testsuite skipped="1" hostname="PC-80" name="test.FourthClass" tests="4" failures="0" timestamp="08 Mar 2022 14:57:30 GMT" time="0.011" errors="0">
  <testcase name="EduloanApproved" time="0.007" classname="test.FourthClass"/>
  <testcase name="HomeloanApproved" time="0.002" classname="test.FourthClass"/>
  <testcase name="CarloanApproved" time="0.002" classname="test.FourthClass"/>
  <testcase name="PersonalloanApproved" classname="test.FourthClass">
    <skipped/>
  </testcase> <!-- PersonalloanApproved -->
</testsuite> <!-- test.FourthClass -->
