<?xml version="1.0" encoding="UTF-8"?>
<!-- Generated by org.testng.reporters.JUnitReportReporter -->
<testsuite skipped="0" hostname="PC-80" name="test2.FirstClass" tests="1" failures="0" timestamp="28 Feb 2022 17:30:55 GMT" time="0.024" errors="0">
  <testcase name="LogOutSafari" time="0.024" classname="test2.FirstClass"/>
</testsuite> <!-- test2.FirstClass -->
