<?xml version="1.0" encoding="UTF-8"?>
<!-- Generated by org.testng.reporters.JUnitReportReporter -->
<testsuite skipped="0" hostname="PC-80" name="FirstSetup" tests="1" failures="0" timestamp="28 Feb 2022 14:21:48 GMT" time="0.028" errors="0">
  <testcase name="demo" time="0.028" classname="FirstSetup"/>
</testsuite> <!-- FirstSetup -->
