<?xml version="1.0" encoding="UTF-8"?>
<!-- Generated by org.testng.reporters.JUnitReportReporter -->
<testsuite skipped="0" hostname="PC-80" name="test.SecondClass" tests="1" failures="0" timestamp="08 Mar 2022 14:57:30 GMT" time="0.002" errors="0">
  <testcase name="SCmethod" time="0.002" classname="test.SecondClass"/>
</testsuite> <!-- test.SecondClass -->
